<?xml version="1.0" encoding="UTF-8"?>
<!-- Generated by org.testng.reporters.JUnitReportReporter -->
<testsuite hostname="LTCH-5CD141CTFP" failures="0" tests="3" name="TestNGRunner.TestNGRunner" time="76.727" errors="0" timestamp="2024-05-13T16:20:33 IST" skipped="0">
  <testcase classname="TestNGRunner.TestNGRunner" name="runScenario" time="25.499"/>
  <testcase classname="TestNGRunner.TestNGRunner" name="runScenario" time="25.573"/>
  <testcase classname="TestNGRunner.TestNGRunner" name="runScenario" time="25.655"/>
</testsuite> <!-- TestNGRunner.TestNGRunner -->
